<?xml version="1.0" encoding="UTF-8"?>
<!-- Generated by org.testng.reporters.JUnitReportReporter -->
<testsuite hostname="5M27WK2" name="com.leo.microservice.som.TestFind" tests="1" failures="0" timestamp="29 Jan 2018 06:00:53 GMT" time="0.021" errors="0">
  <testcase name="testHome" time="0.021" classname="com.leo.microservice.som.TestFind"/>
</testsuite> <!-- com.leo.microservice.som.TestFind -->
